{
  "label": "Application Wizard.AbstractWebviewPanel",
  "level": "error",
  "message": "@sap/hdb-project:app generator failed - process.on(uncaughtException) The generator encountered an error: Error: Failed to create the service \"HANACloud-Workshop2-hdidb-ws-wglhl\"; Reason: Service broker error: Service broker hana-broker failed with: Can not create service instance 'HANACloud-Workshop2-hdidb-ws-wglhl': There is no database available. Ensure that you have a database available in space 'dev' within organization 'f516d10dtrial'.\n",
  "stack": "Error: The generator encountered an error: Error: Failed to create the service \"HANACloud-Workshop2-hdidb-ws-wglhl\"; Reason: Service broker error: Service broker hana-broker failed with: Can not create service instance 'HANACloud-Workshop2-hdidb-ws-wglhl': There is no database available. Ensure that you have a database available in space 'dev' within organization 'f516d10dtrial'.\n\n    at module.exports._displayErrors (/extbin/npm/globals/lib/node_modules/@sap/generator-add-hdb-module/generators/hdb_module_app/index.js:690:33)\n    at module.exports.install (/extbin/npm/globals/lib/node_modules/@sap/generator-add-hdb-module/generators/hdb_module_app/index.js:685:14)\n    at processTicksAndRejections (internal/process/task_queues.js:97:5)",
  "time": "2021-06-11T08:08:02.249Z"
}
{
  "label": "Application Wizard.AbstractWebviewPanel",
  "level": "error",
  "message": "@sap/hdb-project:app generator failed - process.on(uncaughtException) The generator encountered an error: Error: Failed to create the service \"HANACloud-Workshop1-hdidb-ws-wglhl\"; Reason: Service broker error: Service broker hana-broker failed with: Can not create service instance 'HANACloud-Workshop1-hdidb-ws-wglhl': There is no database available. Ensure that you have a database available in space 'dev' within organization 'f516d10dtrial'.\n",
  "stack": "Error: The generator encountered an error: Error: Failed to create the service \"HANACloud-Workshop1-hdidb-ws-wglhl\"; Reason: Service broker error: Service broker hana-broker failed with: Can not create service instance 'HANACloud-Workshop1-hdidb-ws-wglhl': There is no database available. Ensure that you have a database available in space 'dev' within organization 'f516d10dtrial'.\n\n    at module.exports._displayErrors (/extbin/npm/globals/lib/node_modules/@sap/generator-add-hdb-module/generators/hdb_module_app/index.js:690:33)\n    at module.exports.install (/extbin/npm/globals/lib/node_modules/@sap/generator-add-hdb-module/generators/hdb_module_app/index.js:685:14)\n    at processTicksAndRejections (internal/process/task_queues.js:97:5)",
  "time": "2021-06-11T08:10:24.836Z"
}
{
  "label": "Application Wizard.AbstractWebviewPanel",
  "level": "error",
  "message": "@sap/hdb-project:app generator failed - process.on(uncaughtException) process.on(uncaughtException) The generator encountered an error: Error: Failed to create the service \"HANACloud-Workshop1-hdidb-ws-wglhl\"; Reason: Service broker error: Service broker hana-broker failed with: Can not create service instance 'HANACloud-Workshop1-hdidb-ws-wglhl': There is no database available. Ensure that you have a database available in space 'dev' within organization 'f516d10dtrial'.\n",
  "stack": "Error: The generator encountered an error: Error: Failed to create the service \"HANACloud-Workshop1-hdidb-ws-wglhl\"; Reason: Service broker error: Service broker hana-broker failed with: Can not create service instance 'HANACloud-Workshop1-hdidb-ws-wglhl': There is no database available. Ensure that you have a database available in space 'dev' within organization 'f516d10dtrial'.\n\n    at module.exports._displayErrors (/extbin/npm/globals/lib/node_modules/@sap/generator-add-hdb-module/generators/hdb_module_app/index.js:690:33)\n    at module.exports.install (/extbin/npm/globals/lib/node_modules/@sap/generator-add-hdb-module/generators/hdb_module_app/index.js:685:14)\n    at processTicksAndRejections (internal/process/task_queues.js:97:5)",
  "time": "2021-06-11T08:10:24.838Z"
}
{
  "label": "Application Wizard.AbstractWebviewPanel",
  "level": "error",
  "message": "@sap/hdb-project:app generator failed - process.on(uncaughtException) The generator encountered an error: Error: Failed to create the service \"SAPHANACloudWS1-hdidb-ws-wglhl\"; Reason: Service broker error: Service broker hana-broker failed with: Can not create service instance 'SAPHANACloudWS1-hdidb-ws-wglhl': There is no database available. Ensure that you have a database available in space 'dev' within organization 'f516d10dtrial'.\n",
  "stack": "Error: The generator encountered an error: Error: Failed to create the service \"SAPHANACloudWS1-hdidb-ws-wglhl\"; Reason: Service broker error: Service broker hana-broker failed with: Can not create service instance 'SAPHANACloudWS1-hdidb-ws-wglhl': There is no database available. Ensure that you have a database available in space 'dev' within organization 'f516d10dtrial'.\n\n    at module.exports._displayErrors (/extbin/npm/globals/lib/node_modules/@sap/generator-add-hdb-module/generators/hdb_module_app/index.js:690:33)\n    at module.exports.install (/extbin/npm/globals/lib/node_modules/@sap/generator-add-hdb-module/generators/hdb_module_app/index.js:685:14)\n    at runMicrotasks (<anonymous>)\n    at processTicksAndRejections (internal/process/task_queues.js:97:5)",
  "time": "2021-06-11T08:12:41.029Z"
}
{
  "label": "Application Wizard.AbstractWebviewPanel",
  "level": "error",
  "message": "@sap/hdb-project:app generator failed - process.on(uncaughtException) process.on(uncaughtException) The generator encountered an error: Error: Failed to create the service \"SAPHANACloudWS1-hdidb-ws-wglhl\"; Reason: Service broker error: Service broker hana-broker failed with: Can not create service instance 'SAPHANACloudWS1-hdidb-ws-wglhl': There is no database available. Ensure that you have a database available in space 'dev' within organization 'f516d10dtrial'.\n",
  "stack": "Error: The generator encountered an error: Error: Failed to create the service \"SAPHANACloudWS1-hdidb-ws-wglhl\"; Reason: Service broker error: Service broker hana-broker failed with: Can not create service instance 'SAPHANACloudWS1-hdidb-ws-wglhl': There is no database available. Ensure that you have a database available in space 'dev' within organization 'f516d10dtrial'.\n\n    at module.exports._displayErrors (/extbin/npm/globals/lib/node_modules/@sap/generator-add-hdb-module/generators/hdb_module_app/index.js:690:33)\n    at module.exports.install (/extbin/npm/globals/lib/node_modules/@sap/generator-add-hdb-module/generators/hdb_module_app/index.js:685:14)\n    at runMicrotasks (<anonymous>)\n    at processTicksAndRejections (internal/process/task_queues.js:97:5)",
  "time": "2021-06-11T08:12:41.030Z"
}
{
  "label": "Application Wizard.AbstractWebviewPanel",
  "level": "error",
  "message": "@sap/hdb-project:app generator failed - process.on(uncaughtException) process.on(uncaughtException) process.on(uncaughtException) The generator encountered an error: Error: Failed to create the service \"SAPHANACloudWS1-hdidb-ws-wglhl\"; Reason: Service broker error: Service broker hana-broker failed with: Can not create service instance 'SAPHANACloudWS1-hdidb-ws-wglhl': There is no database available. Ensure that you have a database available in space 'dev' within organization 'f516d10dtrial'.\n",
  "stack": "Error: The generator encountered an error: Error: Failed to create the service \"SAPHANACloudWS1-hdidb-ws-wglhl\"; Reason: Service broker error: Service broker hana-broker failed with: Can not create service instance 'SAPHANACloudWS1-hdidb-ws-wglhl': There is no database available. Ensure that you have a database available in space 'dev' within organization 'f516d10dtrial'.\n\n    at module.exports._displayErrors (/extbin/npm/globals/lib/node_modules/@sap/generator-add-hdb-module/generators/hdb_module_app/index.js:690:33)\n    at module.exports.install (/extbin/npm/globals/lib/node_modules/@sap/generator-add-hdb-module/generators/hdb_module_app/index.js:685:14)\n    at runMicrotasks (<anonymous>)\n    at processTicksAndRejections (internal/process/task_queues.js:97:5)",
  "time": "2021-06-11T08:12:41.031Z"
}
{
  "label": "Application Wizard.AbstractWebviewPanel",
  "level": "error",
  "message": "@sap/hdb-project:app generator failed - process.on(uncaughtException) The generator encountered an error: Error: Failed to create the service \"HANACloud-Workshop3-hdidb-ws-wglhl\"; Reason: Service broker error: Service broker hana-broker failed with: Can not create service instance 'HANACloud-Workshop3-hdidb-ws-wglhl': There is no database available. Ensure that you have a database available in space 'dev' within organization 'f516d10dtrial'.\n",
  "stack": "Error: The generator encountered an error: Error: Failed to create the service \"HANACloud-Workshop3-hdidb-ws-wglhl\"; Reason: Service broker error: Service broker hana-broker failed with: Can not create service instance 'HANACloud-Workshop3-hdidb-ws-wglhl': There is no database available. Ensure that you have a database available in space 'dev' within organization 'f516d10dtrial'.\n\n    at module.exports._displayErrors (/extbin/npm/globals/lib/node_modules/@sap/generator-add-hdb-module/generators/hdb_module_app/index.js:690:33)\n    at module.exports.install (/extbin/npm/globals/lib/node_modules/@sap/generator-add-hdb-module/generators/hdb_module_app/index.js:685:14)\n    at runMicrotasks (<anonymous>)\n    at processTicksAndRejections (internal/process/task_queues.js:97:5)",
  "time": "2021-06-11T08:17:07.312Z"
}
{
  "label": "Application Wizard.AbstractWebviewPanel",
  "level": "error",
  "message": "@sap/hdb-project:app generator failed - process.on(uncaughtException) process.on(uncaughtException) The generator encountered an error: Error: Failed to create the service \"HANACloud-Workshop3-hdidb-ws-wglhl\"; Reason: Service broker error: Service broker hana-broker failed with: Can not create service instance 'HANACloud-Workshop3-hdidb-ws-wglhl': There is no database available. Ensure that you have a database available in space 'dev' within organization 'f516d10dtrial'.\n",
  "stack": "Error: The generator encountered an error: Error: Failed to create the service \"HANACloud-Workshop3-hdidb-ws-wglhl\"; Reason: Service broker error: Service broker hana-broker failed with: Can not create service instance 'HANACloud-Workshop3-hdidb-ws-wglhl': There is no database available. Ensure that you have a database available in space 'dev' within organization 'f516d10dtrial'.\n\n    at module.exports._displayErrors (/extbin/npm/globals/lib/node_modules/@sap/generator-add-hdb-module/generators/hdb_module_app/index.js:690:33)\n    at module.exports.install (/extbin/npm/globals/lib/node_modules/@sap/generator-add-hdb-module/generators/hdb_module_app/index.js:685:14)\n    at runMicrotasks (<anonymous>)\n    at processTicksAndRejections (internal/process/task_queues.js:97:5)",
  "time": "2021-06-11T08:17:07.313Z"
}
{
  "label": "Application Wizard.AbstractWebviewPanel",
  "level": "error",
  "message": "@sap/hdb-project:app generator failed - process.on(uncaughtException) process.on(uncaughtException) process.on(uncaughtException) The generator encountered an error: Error: Failed to create the service \"HANACloud-Workshop3-hdidb-ws-wglhl\"; Reason: Service broker error: Service broker hana-broker failed with: Can not create service instance 'HANACloud-Workshop3-hdidb-ws-wglhl': There is no database available. Ensure that you have a database available in space 'dev' within organization 'f516d10dtrial'.\n",
  "stack": "Error: The generator encountered an error: Error: Failed to create the service \"HANACloud-Workshop3-hdidb-ws-wglhl\"; Reason: Service broker error: Service broker hana-broker failed with: Can not create service instance 'HANACloud-Workshop3-hdidb-ws-wglhl': There is no database available. Ensure that you have a database available in space 'dev' within organization 'f516d10dtrial'.\n\n    at module.exports._displayErrors (/extbin/npm/globals/lib/node_modules/@sap/generator-add-hdb-module/generators/hdb_module_app/index.js:690:33)\n    at module.exports.install (/extbin/npm/globals/lib/node_modules/@sap/generator-add-hdb-module/generators/hdb_module_app/index.js:685:14)\n    at runMicrotasks (<anonymous>)\n    at processTicksAndRejections (internal/process/task_queues.js:97:5)",
  "time": "2021-06-11T08:17:07.313Z"
}
{
  "label": "Application Wizard.AbstractWebviewPanel",
  "level": "error",
  "message": "@sap/hdb-project:app generator failed - process.on(uncaughtException) process.on(uncaughtException) process.on(uncaughtException) process.on(uncaughtException) The generator encountered an error: Error: Failed to create the service \"HANACloud-Workshop3-hdidb-ws-wglhl\"; Reason: Service broker error: Service broker hana-broker failed with: Can not create service instance 'HANACloud-Workshop3-hdidb-ws-wglhl': There is no database available. Ensure that you have a database available in space 'dev' within organization 'f516d10dtrial'.\n",
  "stack": "Error: The generator encountered an error: Error: Failed to create the service \"HANACloud-Workshop3-hdidb-ws-wglhl\"; Reason: Service broker error: Service broker hana-broker failed with: Can not create service instance 'HANACloud-Workshop3-hdidb-ws-wglhl': There is no database available. Ensure that you have a database available in space 'dev' within organization 'f516d10dtrial'.\n\n    at module.exports._displayErrors (/extbin/npm/globals/lib/node_modules/@sap/generator-add-hdb-module/generators/hdb_module_app/index.js:690:33)\n    at module.exports.install (/extbin/npm/globals/lib/node_modules/@sap/generator-add-hdb-module/generators/hdb_module_app/index.js:685:14)\n    at runMicrotasks (<anonymous>)\n    at processTicksAndRejections (internal/process/task_queues.js:97:5)",
  "time": "2021-06-11T08:17:07.314Z"
}
{
  "label": "Application Wizard.AbstractWebviewPanel",
  "level": "error",
  "message": "@sap/hdb-project:app generator failed - process.on(uncaughtException) The generator encountered an error: Error: Failed to create the service \"HANACloud-Workshop4-hdidb-ws-wglhl\"; Reason: Service broker error: Service broker hana-broker failed with: Can not create service instance 'HANACloud-Workshop4-hdidb-ws-wglhl': There is no database available. Ensure that you have a database available in space 'dev' within organization 'f516d10dtrial'.\n",
  "stack": "Error: The generator encountered an error: Error: Failed to create the service \"HANACloud-Workshop4-hdidb-ws-wglhl\"; Reason: Service broker error: Service broker hana-broker failed with: Can not create service instance 'HANACloud-Workshop4-hdidb-ws-wglhl': There is no database available. Ensure that you have a database available in space 'dev' within organization 'f516d10dtrial'.\n\n    at module.exports._displayErrors (/extbin/npm/globals/lib/node_modules/@sap/generator-add-hdb-module/generators/hdb_module_app/index.js:690:33)\n    at module.exports.install (/extbin/npm/globals/lib/node_modules/@sap/generator-add-hdb-module/generators/hdb_module_app/index.js:685:14)\n    at processTicksAndRejections (internal/process/task_queues.js:97:5)",
  "time": "2021-06-11T08:35:26.195Z"
}
{
  "label": "Application Wizard.AbstractWebviewPanel",
  "level": "error",
  "message": "@sap/hdb-project:app generator failed - process.on(uncaughtException) process.on(uncaughtException) The generator encountered an error: Error: Failed to create the service \"HANACloud-Workshop4-hdidb-ws-wglhl\"; Reason: Service broker error: Service broker hana-broker failed with: Can not create service instance 'HANACloud-Workshop4-hdidb-ws-wglhl': There is no database available. Ensure that you have a database available in space 'dev' within organization 'f516d10dtrial'.\n",
  "stack": "Error: The generator encountered an error: Error: Failed to create the service \"HANACloud-Workshop4-hdidb-ws-wglhl\"; Reason: Service broker error: Service broker hana-broker failed with: Can not create service instance 'HANACloud-Workshop4-hdidb-ws-wglhl': There is no database available. Ensure that you have a database available in space 'dev' within organization 'f516d10dtrial'.\n\n    at module.exports._displayErrors (/extbin/npm/globals/lib/node_modules/@sap/generator-add-hdb-module/generators/hdb_module_app/index.js:690:33)\n    at module.exports.install (/extbin/npm/globals/lib/node_modules/@sap/generator-add-hdb-module/generators/hdb_module_app/index.js:685:14)\n    at processTicksAndRejections (internal/process/task_queues.js:97:5)",
  "time": "2021-06-11T08:35:26.196Z"
}
{
  "label": "Application Wizard.AbstractWebviewPanel",
  "level": "error",
  "message": "@sap/hdb-project:app generator failed - process.on(uncaughtException) process.on(uncaughtException) process.on(uncaughtException) The generator encountered an error: Error: Failed to create the service \"HANACloud-Workshop4-hdidb-ws-wglhl\"; Reason: Service broker error: Service broker hana-broker failed with: Can not create service instance 'HANACloud-Workshop4-hdidb-ws-wglhl': There is no database available. Ensure that you have a database available in space 'dev' within organization 'f516d10dtrial'.\n",
  "stack": "Error: The generator encountered an error: Error: Failed to create the service \"HANACloud-Workshop4-hdidb-ws-wglhl\"; Reason: Service broker error: Service broker hana-broker failed with: Can not create service instance 'HANACloud-Workshop4-hdidb-ws-wglhl': There is no database available. Ensure that you have a database available in space 'dev' within organization 'f516d10dtrial'.\n\n    at module.exports._displayErrors (/extbin/npm/globals/lib/node_modules/@sap/generator-add-hdb-module/generators/hdb_module_app/index.js:690:33)\n    at module.exports.install (/extbin/npm/globals/lib/node_modules/@sap/generator-add-hdb-module/generators/hdb_module_app/index.js:685:14)\n    at processTicksAndRejections (internal/process/task_queues.js:97:5)",
  "time": "2021-06-11T08:35:26.196Z"
}
{
  "label": "Application Wizard.AbstractWebviewPanel",
  "level": "error",
  "message": "@sap/hdb-project:app generator failed - process.on(uncaughtException) process.on(uncaughtException) process.on(uncaughtException) process.on(uncaughtException) The generator encountered an error: Error: Failed to create the service \"HANACloud-Workshop4-hdidb-ws-wglhl\"; Reason: Service broker error: Service broker hana-broker failed with: Can not create service instance 'HANACloud-Workshop4-hdidb-ws-wglhl': There is no database available. Ensure that you have a database available in space 'dev' within organization 'f516d10dtrial'.\n",
  "stack": "Error: The generator encountered an error: Error: Failed to create the service \"HANACloud-Workshop4-hdidb-ws-wglhl\"; Reason: Service broker error: Service broker hana-broker failed with: Can not create service instance 'HANACloud-Workshop4-hdidb-ws-wglhl': There is no database available. Ensure that you have a database available in space 'dev' within organization 'f516d10dtrial'.\n\n    at module.exports._displayErrors (/extbin/npm/globals/lib/node_modules/@sap/generator-add-hdb-module/generators/hdb_module_app/index.js:690:33)\n    at module.exports.install (/extbin/npm/globals/lib/node_modules/@sap/generator-add-hdb-module/generators/hdb_module_app/index.js:685:14)\n    at processTicksAndRejections (internal/process/task_queues.js:97:5)",
  "time": "2021-06-11T08:35:26.197Z"
}
{
  "label": "Application Wizard.AbstractWebviewPanel",
  "level": "error",
  "message": "@sap/hdb-project:app generator failed - process.on(uncaughtException) process.on(uncaughtException) process.on(uncaughtException) process.on(uncaughtException) process.on(uncaughtException) The generator encountered an error: Error: Failed to create the service \"HANACloud-Workshop4-hdidb-ws-wglhl\"; Reason: Service broker error: Service broker hana-broker failed with: Can not create service instance 'HANACloud-Workshop4-hdidb-ws-wglhl': There is no database available. Ensure that you have a database available in space 'dev' within organization 'f516d10dtrial'.\n",
  "stack": "Error: The generator encountered an error: Error: Failed to create the service \"HANACloud-Workshop4-hdidb-ws-wglhl\"; Reason: Service broker error: Service broker hana-broker failed with: Can not create service instance 'HANACloud-Workshop4-hdidb-ws-wglhl': There is no database available. Ensure that you have a database available in space 'dev' within organization 'f516d10dtrial'.\n\n    at module.exports._displayErrors (/extbin/npm/globals/lib/node_modules/@sap/generator-add-hdb-module/generators/hdb_module_app/index.js:690:33)\n    at module.exports.install (/extbin/npm/globals/lib/node_modules/@sap/generator-add-hdb-module/generators/hdb_module_app/index.js:685:14)\n    at processTicksAndRejections (internal/process/task_queues.js:97:5)",
  "time": "2021-06-11T08:35:26.197Z"
}
{
  "label": "Application Wizard.AbstractWebviewPanel",
  "level": "error",
  "message": "@sap/hdb-project:app generator failed - process.on(uncaughtException) The generator encountered an error: Error: Failed to create the service \"HANACloud-Workshop5-hdidb-ws-wglhl\"; Reason: Service broker error: Service broker hana-broker failed with: Can not create service instance 'HANACloud-Workshop5-hdidb-ws-wglhl': There is no database available. Ensure that you have a database available in space 'dev' within organization 'f516d10dtrial'.\n",
  "stack": "Error: The generator encountered an error: Error: Failed to create the service \"HANACloud-Workshop5-hdidb-ws-wglhl\"; Reason: Service broker error: Service broker hana-broker failed with: Can not create service instance 'HANACloud-Workshop5-hdidb-ws-wglhl': There is no database available. Ensure that you have a database available in space 'dev' within organization 'f516d10dtrial'.\n\n    at module.exports._displayErrors (/extbin/npm/globals/lib/node_modules/@sap/generator-add-hdb-module/generators/hdb_module_app/index.js:690:33)\n    at module.exports.install (/extbin/npm/globals/lib/node_modules/@sap/generator-add-hdb-module/generators/hdb_module_app/index.js:685:14)\n    at processTicksAndRejections (internal/process/task_queues.js:97:5)",
  "time": "2021-06-11T08:36:23.457Z"
}
{
  "label": "Application Wizard.AbstractWebviewPanel",
  "level": "error",
  "message": "@sap/hdb-project:app generator failed - process.on(uncaughtException) process.on(uncaughtException) The generator encountered an error: Error: Failed to create the service \"HANACloud-Workshop5-hdidb-ws-wglhl\"; Reason: Service broker error: Service broker hana-broker failed with: Can not create service instance 'HANACloud-Workshop5-hdidb-ws-wglhl': There is no database available. Ensure that you have a database available in space 'dev' within organization 'f516d10dtrial'.\n",
  "stack": "Error: The generator encountered an error: Error: Failed to create the service \"HANACloud-Workshop5-hdidb-ws-wglhl\"; Reason: Service broker error: Service broker hana-broker failed with: Can not create service instance 'HANACloud-Workshop5-hdidb-ws-wglhl': There is no database available. Ensure that you have a database available in space 'dev' within organization 'f516d10dtrial'.\n\n    at module.exports._displayErrors (/extbin/npm/globals/lib/node_modules/@sap/generator-add-hdb-module/generators/hdb_module_app/index.js:690:33)\n    at module.exports.install (/extbin/npm/globals/lib/node_modules/@sap/generator-add-hdb-module/generators/hdb_module_app/index.js:685:14)\n    at processTicksAndRejections (internal/process/task_queues.js:97:5)",
  "time": "2021-06-11T08:36:23.457Z"
}
{
  "label": "Application Wizard.AbstractWebviewPanel",
  "level": "error",
  "message": "@sap/hdb-project:app generator failed - process.on(uncaughtException) process.on(uncaughtException) process.on(uncaughtException) The generator encountered an error: Error: Failed to create the service \"HANACloud-Workshop5-hdidb-ws-wglhl\"; Reason: Service broker error: Service broker hana-broker failed with: Can not create service instance 'HANACloud-Workshop5-hdidb-ws-wglhl': There is no database available. Ensure that you have a database available in space 'dev' within organization 'f516d10dtrial'.\n",
  "stack": "Error: The generator encountered an error: Error: Failed to create the service \"HANACloud-Workshop5-hdidb-ws-wglhl\"; Reason: Service broker error: Service broker hana-broker failed with: Can not create service instance 'HANACloud-Workshop5-hdidb-ws-wglhl': There is no database available. Ensure that you have a database available in space 'dev' within organization 'f516d10dtrial'.\n\n    at module.exports._displayErrors (/extbin/npm/globals/lib/node_modules/@sap/generator-add-hdb-module/generators/hdb_module_app/index.js:690:33)\n    at module.exports.install (/extbin/npm/globals/lib/node_modules/@sap/generator-add-hdb-module/generators/hdb_module_app/index.js:685:14)\n    at processTicksAndRejections (internal/process/task_queues.js:97:5)",
  "time": "2021-06-11T08:36:23.458Z"
}
{
  "label": "Application Wizard.AbstractWebviewPanel",
  "level": "error",
  "message": "@sap/hdb-project:app generator failed - process.on(uncaughtException) process.on(uncaughtException) process.on(uncaughtException) process.on(uncaughtException) The generator encountered an error: Error: Failed to create the service \"HANACloud-Workshop5-hdidb-ws-wglhl\"; Reason: Service broker error: Service broker hana-broker failed with: Can not create service instance 'HANACloud-Workshop5-hdidb-ws-wglhl': There is no database available. Ensure that you have a database available in space 'dev' within organization 'f516d10dtrial'.\n",
  "stack": "Error: The generator encountered an error: Error: Failed to create the service \"HANACloud-Workshop5-hdidb-ws-wglhl\"; Reason: Service broker error: Service broker hana-broker failed with: Can not create service instance 'HANACloud-Workshop5-hdidb-ws-wglhl': There is no database available. Ensure that you have a database available in space 'dev' within organization 'f516d10dtrial'.\n\n    at module.exports._displayErrors (/extbin/npm/globals/lib/node_modules/@sap/generator-add-hdb-module/generators/hdb_module_app/index.js:690:33)\n    at module.exports.install (/extbin/npm/globals/lib/node_modules/@sap/generator-add-hdb-module/generators/hdb_module_app/index.js:685:14)\n    at processTicksAndRejections (internal/process/task_queues.js:97:5)",
  "time": "2021-06-11T08:36:23.458Z"
}
{
  "label": "Application Wizard.AbstractWebviewPanel",
  "level": "error",
  "message": "@sap/hdb-project:app generator failed - process.on(uncaughtException) process.on(uncaughtException) process.on(uncaughtException) process.on(uncaughtException) process.on(uncaughtException) The generator encountered an error: Error: Failed to create the service \"HANACloud-Workshop5-hdidb-ws-wglhl\"; Reason: Service broker error: Service broker hana-broker failed with: Can not create service instance 'HANACloud-Workshop5-hdidb-ws-wglhl': There is no database available. Ensure that you have a database available in space 'dev' within organization 'f516d10dtrial'.\n",
  "stack": "Error: The generator encountered an error: Error: Failed to create the service \"HANACloud-Workshop5-hdidb-ws-wglhl\"; Reason: Service broker error: Service broker hana-broker failed with: Can not create service instance 'HANACloud-Workshop5-hdidb-ws-wglhl': There is no database available. Ensure that you have a database available in space 'dev' within organization 'f516d10dtrial'.\n\n    at module.exports._displayErrors (/extbin/npm/globals/lib/node_modules/@sap/generator-add-hdb-module/generators/hdb_module_app/index.js:690:33)\n    at module.exports.install (/extbin/npm/globals/lib/node_modules/@sap/generator-add-hdb-module/generators/hdb_module_app/index.js:685:14)\n    at processTicksAndRejections (internal/process/task_queues.js:97:5)",
  "time": "2021-06-11T08:36:23.459Z"
}
{
  "label": "Application Wizard.AbstractWebviewPanel",
  "level": "error",
  "message": "@sap/hdb-project:app generator failed - process.on(uncaughtException) process.on(uncaughtException) process.on(uncaughtException) process.on(uncaughtException) process.on(uncaughtException) process.on(uncaughtException) The generator encountered an error: Error: Failed to create the service \"HANACloud-Workshop5-hdidb-ws-wglhl\"; Reason: Service broker error: Service broker hana-broker failed with: Can not create service instance 'HANACloud-Workshop5-hdidb-ws-wglhl': There is no database available. Ensure that you have a database available in space 'dev' within organization 'f516d10dtrial'.\n",
  "stack": "Error: The generator encountered an error: Error: Failed to create the service \"HANACloud-Workshop5-hdidb-ws-wglhl\"; Reason: Service broker error: Service broker hana-broker failed with: Can not create service instance 'HANACloud-Workshop5-hdidb-ws-wglhl': There is no database available. Ensure that you have a database available in space 'dev' within organization 'f516d10dtrial'.\n\n    at module.exports._displayErrors (/extbin/npm/globals/lib/node_modules/@sap/generator-add-hdb-module/generators/hdb_module_app/index.js:690:33)\n    at module.exports.install (/extbin/npm/globals/lib/node_modules/@sap/generator-add-hdb-module/generators/hdb_module_app/index.js:685:14)\n    at processTicksAndRejections (internal/process/task_queues.js:97:5)",
  "time": "2021-06-11T08:36:23.459Z"
}
